<?xml version="1.0" encoding="UTF-8"?>
<robot generator="Robot 5.0.1 (Python 3.10.6 on win32)" generated="20221013 17:17:26.319" rpa="false" schemaversion="3">
<suite id="s1" name="Alhout Tc" source="D:\alhout\testcase\alhout_tc.robot">
<test id="s1-t1" name="open alhouti site" line="11">
<kw name="open alhouti site" library="alhouti_keywords">
<arg>${siteurl}</arg>
<arg>${browser}</arg>
<kw name="Open Browser" library="SeleniumLibrary">
<arg>${siteurl}</arg>
<arg>${browser}</arg>
<doc>Opens a new browser instance to the optional ``url``.</doc>
<msg timestamp="20221013 17:17:26.563" level="INFO">Opening browser 'chrome' to base url 'https://www.alhouti.com/'.</msg>
<status status="PASS" starttime="20221013 17:17:26.563" endtime="20221013 17:17:33.296"/>
</kw>
<kw name="Maximize Browser Window" library="SeleniumLibrary">
<doc>Maximizes current browser window.</doc>
<status status="PASS" starttime="20221013 17:17:33.296" endtime="20221013 17:17:33.422"/>
</kw>
<status status="PASS" starttime="20221013 17:17:26.562" endtime="20221013 17:17:33.423"/>
</kw>
<kw name="Set Selenium Speed" library="SeleniumLibrary">
<arg>2 seconds</arg>
<doc>Sets the delay that is waited after each Selenium command.</doc>
<status status="PASS" starttime="20221013 17:17:33.423" endtime="20221013 17:17:33.424"/>
</kw>
<tag>alhouti site</tag>
<status status="PASS" starttime="20221013 17:17:26.561" endtime="20221013 17:17:33.424"/>
</test>
<test id="s1-t2" name="Click alhoutabout menu" line="15">
<kw name="Click alhoutabout menu" library="alhouti_keywords">
<kw name="Click Element" library="SeleniumLibrary">
<arg>${about_alhout}</arg>
<doc>Click the element identified by ``locator``.</doc>
<msg timestamp="20221013 17:17:33.427" level="INFO">Clicking element 'xpath://div[@class='navmenu']//a[normalize-space()='ABOUT']'.</msg>
<status status="PASS" starttime="20221013 17:17:33.427" endtime="20221013 17:17:38.992"/>
</kw>
<status status="PASS" starttime="20221013 17:17:33.426" endtime="20221013 17:17:38.992"/>
</kw>
<status status="PASS" starttime="20221013 17:17:33.425" endtime="20221013 17:17:38.993"/>
</test>
<test id="s1-t3" name="Click alhoutservice menu" line="17">
<kw name="Click alhoutservice menu" library="alhouti_keywords">
<kw name="Click Element" library="SeleniumLibrary">
<arg>${services_alhout}</arg>
<doc>Click the element identified by ``locator``.</doc>
<msg timestamp="20221013 17:17:38.997" level="INFO">Clicking element 'xpath://div[@class='navmenu']//a[normalize-space()='SERVICES']'.</msg>
<status status="PASS" starttime="20221013 17:17:38.996" endtime="20221013 17:17:44.285"/>
</kw>
<status status="PASS" starttime="20221013 17:17:38.996" endtime="20221013 17:17:44.285"/>
</kw>
<status status="PASS" starttime="20221013 17:17:38.995" endtime="20221013 17:17:44.286"/>
</test>
<test id="s1-t4" name="Click alhoutresources menu" line="19">
<kw name="Click alhoutresources menu" library="alhouti_keywords">
<kw name="Click Element" library="SeleniumLibrary">
<arg>${resources_alhout}</arg>
<doc>Click the element identified by ``locator``.</doc>
<msg timestamp="20221013 17:17:44.288" level="INFO">Clicking element 'xpath://div[@class='navmenu']//a[normalize-space()='RESOURCES']'.</msg>
<status status="PASS" starttime="20221013 17:17:44.288" endtime="20221013 17:17:49.502"/>
</kw>
<status status="PASS" starttime="20221013 17:17:44.288" endtime="20221013 17:17:49.503"/>
</kw>
<status status="PASS" starttime="20221013 17:17:44.287" endtime="20221013 17:17:49.504"/>
</test>
<test id="s1-t5" name="Click alhoutprojects menu" line="21">
<kw name="Click alhoutprojects menu" library="alhouti_keywords">
<kw name="Click Element" library="SeleniumLibrary">
<arg>${projects_alhout}</arg>
<doc>Click the element identified by ``locator``.</doc>
<msg timestamp="20221013 17:17:49.507" level="INFO">Clicking element 'xpath://div[@class='navmenu']//a[normalize-space()='PROJECTS']'.</msg>
<status status="PASS" starttime="20221013 17:17:49.507" endtime="20221013 17:17:55.449"/>
</kw>
<status status="PASS" starttime="20221013 17:17:49.507" endtime="20221013 17:17:55.451"/>
</kw>
<status status="PASS" starttime="20221013 17:17:49.506" endtime="20221013 17:17:55.455"/>
</test>
<test id="s1-t6" name="Click alhoutcareers menu" line="23">
<kw name="Click alhoutcareers menu" library="alhouti_keywords">
<kw name="Click Element" library="SeleniumLibrary">
<arg>${careers_alhout}</arg>
<doc>Click the element identified by ``locator``.</doc>
<msg timestamp="20221013 17:17:55.463" level="INFO">Clicking element 'xpath://div[@class='navmenu']//a[normalize-space()='CAREERS']'.</msg>
<status status="PASS" starttime="20221013 17:17:55.463" endtime="20221013 17:18:00.771"/>
</kw>
<status status="PASS" starttime="20221013 17:17:55.461" endtime="20221013 17:18:00.773"/>
</kw>
<status status="PASS" starttime="20221013 17:17:55.459" endtime="20221013 17:18:00.775"/>
</test>
<test id="s1-t7" name="Click alhoutclient menu" line="25">
<kw name="Click alhoutclient menu" library="alhouti_keywords">
<kw name="Click Element" library="SeleniumLibrary">
<arg>${clients_alhout}</arg>
<doc>Click the element identified by ``locator``.</doc>
<msg timestamp="20221013 17:18:00.788" level="INFO">Clicking element 'xpath://div[@class='navmenu']//a[normalize-space()='CLIENTS']'.</msg>
<status status="PASS" starttime="20221013 17:18:00.785" endtime="20221013 17:18:07.157"/>
</kw>
<status status="PASS" starttime="20221013 17:18:00.783" endtime="20221013 17:18:07.158"/>
</kw>
<status status="PASS" starttime="20221013 17:18:00.780" endtime="20221013 17:18:07.160"/>
</test>
<test id="s1-t8" name="Click alhoutcontact menu" line="27">
<kw name="Click alhoutcontact menu" library="alhouti_keywords">
<kw name="Click Element" library="SeleniumLibrary">
<arg>${contact_alhout}</arg>
<doc>Click the element identified by ``locator``.</doc>
<msg timestamp="20221013 17:18:07.170" level="INFO">Clicking element 'xpath://div[@class='navmenu']//a[normalize-space()='CONTACT']'.</msg>
<status status="PASS" starttime="20221013 17:18:07.169" endtime="20221013 17:18:12.997"/>
</kw>
<status status="PASS" starttime="20221013 17:18:07.167" endtime="20221013 17:18:12.998"/>
</kw>
<status status="PASS" starttime="20221013 17:18:07.165" endtime="20221013 17:18:13.001"/>
</test>
<test id="s1-t9" name="alhout gohomepage" line="29">
<kw name="alhout gohomepage" library="alhouti_keywords">
<kw name="Click Element" library="SeleniumLibrary">
<arg>${logoalhout}</arg>
<doc>Click the element identified by ``locator``.</doc>
<msg timestamp="20221013 17:18:13.009" level="INFO">Clicking element 'xpath://img[@src='/sites/all/themes/alhouti/images/logo_Al-Houti.png']'.</msg>
<status status="PASS" starttime="20221013 17:18:13.008" endtime="20221013 17:18:18.664"/>
</kw>
<kw name="Close Browser" library="SeleniumLibrary">
<doc>Closes the current browser.</doc>
<status status="PASS" starttime="20221013 17:18:18.664" endtime="20221013 17:18:22.854"/>
</kw>
<status status="PASS" starttime="20221013 17:18:13.007" endtime="20221013 17:18:22.854"/>
</kw>
<status status="PASS" starttime="20221013 17:18:13.006" endtime="20221013 17:18:22.855"/>
</test>
<status status="PASS" starttime="20221013 17:17:26.321" endtime="20221013 17:18:22.857"/>
</suite>
<statistics>
<total>
<stat pass="9" fail="0" skip="0">All Tests</stat>
</total>
<tag>
<stat pass="1" fail="0" skip="0">alhouti site</stat>
</tag>
<suite>
<stat pass="9" fail="0" skip="0" id="s1" name="Alhout Tc">Alhout Tc</stat>
</suite>
</statistics>
<errors>
</errors>
</robot>
